[debug] [2025-11-01T13:30:54.365Z] ----------------------------------------------------------------------
[debug] [2025-11-01T13:30:54.368Z] Command:       C:\Program Files\nodejs\node.exe C:\Users\rmusa\AppData\Roaming\npm\node_modules\firebase-tools\lib\bin\firebase.js emulators:start
[debug] [2025-11-01T13:30:54.368Z] CLI Version:   14.23.0
[debug] [2025-11-01T13:30:54.368Z] Platform:      win32
[debug] [2025-11-01T13:30:54.368Z] Node Version:  v22.16.0
[debug] [2025-11-01T13:30:54.369Z] Time:          Sat Nov 01 2025 18:30:54 GMT+0500 (Pakistan Standard Time)
[debug] [2025-11-01T13:30:54.369Z] ----------------------------------------------------------------------
[debug] 
[debug] [2025-11-01T13:30:54.436Z] > command requires scopes: ["email","openid","https://www.googleapis.com/auth/cloudplatformprojects.readonly","https://www.googleapis.com/auth/firebase","https://www.googleapis.com/auth/cloud-platform"]
[debug] [2025-11-01T13:30:54.436Z] > authorizing via signed-in user (ranus1111@gmail.com)
[error] 
[error] Error: Not in a Firebase app directory (could not locate firebase.json)
[debug] [2025-11-01T13:30:55.146Z] Error: EBUSY: resource busy or locked, unlink 'D:\NumlCS\Hackathon\UMTSurge\VSProject\Mystic-Trio-Surge-25\firebase-debug.log'
    at Object.unlinkSync (node:fs:1953:11)
    at process.<anonymous> (C:\Users\rmusa\AppData\Roaming\npm\node_modules\firebase-tools\lib\bin\cli.js:44:16)
    at process.emit (node:events:530:35)
    at process.exit (node:internal/process/per_thread:194:15)
    at Timeout._onTimeout (C:\Users\rmusa\AppData\Roaming\npm\node_modules\firebase-tools\lib\errorOut.js:20:17)
    at listOnTimeout (node:internal/timers:588:17)
    at process.processTimers (node:internal/timers:523:7)
[error] 
[error] Error: An unexpected error has occurred.
